<?xml version="1.0" encoding="UTF-8"?>
<!-- Generated by org.testng.reporters.JUnitReportReporter -->
<testsuite skipped="0" hostname="INUH102529" name="com.crm.qa.testcases.LoginPageTest" tests="3" failures="0" timestamp="14 May 2020 07:12:14 GMT" time="40.884" errors="0">
  <testcase name="loginPageTitleTest" time="8.910" classname="com.crm.qa.testcases.LoginPageTest"/>
  <testcase name="crmLogoImageTest" time="8.532" classname="com.crm.qa.testcases.LoginPageTest"/>
  <testcase name="loginTest" time="23.442" classname="com.crm.qa.testcases.LoginPageTest"/>
</testsuite> <!-- com.crm.qa.testcases.LoginPageTest -->
